[{"line":2,"elements":[{"start_timestamp":"2023-11-11T15:54:58.310Z","before":[{"result":{"duration":7527963900,"status":"passed"},"match":{"location":"step_definitions.Hooks.openBrowser()"}}],"line":14,"name":"User submits demo request form with invalid parameter","description":"","id":"demo-request-form;user-submits-demo-request-form-with-invalid-parameter;;2","after":[{"result":{"duration":3802684800,"status":"passed"},"match":{"location":"step_definitions.Hooks.closeBrowser()"}}],"type":"scenario","keyword":"Scenario Outline","steps":[{"result":{"duration":4010750300,"status":"passed"},"line":6,"name":"User click button demo","match":{"location":"step_definitions.Demo.DemoRequestFormSteps.userClickDemo()"},"keyword":"Given "},{"result":{"duration":114686000,"status":"passed"},"line":7,"name":"User already on demo page","match":{"location":"step_definitions.Demo.DemoRequestFormSteps.userVrfyDemoPage()"},"keyword":"And "},{"result":{"duration":3455724700,"status":"passed"},"line":8,"name":"User input \"123\" as First Name and \"sulit\" as Last Name and \"chaks\" as Company and \"jajal@yahoo.com\" as Email","match":{"arguments":[{"val":"\"123\"","offset":11},{"val":"\"sulit\"","offset":35},{"val":"\"chaks\"","offset":60},{"val":"\"jajal@yahoo.com\"","offset":83}],"location":"step_definitions.Demo.DemoRequestFormSteps.userInputAsEmailAsPasswordAndAsRole(java.lang.String,java.lang.String,java.lang.String,java.lang.String)"},"keyword":"When "},{"result":{"duration":3181917900,"status":"passed"},"line":9,"name":"User input number for captcha","match":{"location":"step_definitions.Demo.DemoRequestFormSteps.clickCaptcha()"},"keyword":"And "},{"result":{"duration":3119228600,"status":"passed"},"line":10,"name":"Click submit button","match":{"location":"step_definitions.Demo.DemoRequestFormSteps.clickSubmitButton()"},"keyword":"And "},{"result":{"error_message":"org.openqa.selenium.NoSuchElementException: no such element: Unable to locate element: {\"method\":\"xpath\",\"selector\":\"//div[@class='error-message']\"}\n  (Session info: chrome=119.0.6045.124)\nFor documentation on this error, please visit: https://selenium.dev/exceptions/#no_such_element\nBuild info: version: '4.8.0', revision: '267030adea'\nSystem info: os.name: 'Windows 10', os.arch: 'amd64', os.version: '10.0', java.version: '15.0.10'\nDriver info: org.openqa.selenium.chrome.ChromeDriver\nCommand: [4926b6039aaacc35c0456103ed3e204b, findElement {using=xpath, value=//div[@class='error-message']}]\nCapabilities {acceptInsecureCerts: false, browserName: chrome, browserVersion: 119.0.6045.124, chrome: {chromedriverVersion: 119.0.6045.105 (38c72552c5e..., userDataDir: C:\\Users\\User\\AppData\\Local...}, fedcm:accounts: true, goog:chromeOptions: {debuggerAddress: localhost:53684}, networkConnectionEnabled: false, pageLoadStrategy: normal, platformName: WINDOWS, proxy: Proxy(), se:cdp: ws://localhost:53684/devtoo..., se:cdpVersion: 119.0.6045.124, setWindowRect: true, strictFileInteractability: false, timeouts: {implicit: 0, pageLoad: 300000, script: 30000}, unhandledPromptBehavior: dismiss and notify, webauthn:extension:credBlob: true, webauthn:extension:largeBlob: true, webauthn:extension:minPinLength: true, webauthn:extension:prf: true, webauthn:virtualAuthenticators: true}\nSession ID: 4926b6039aaacc35c0456103ed3e204b\r\n\tat java.base/jdk.internal.reflect.NativeConstructorAccessorImpl.newInstance0(Native Method)\r\n\tat java.base/jdk.internal.reflect.NativeConstructorAccessorImpl.newInstance(NativeConstructorAccessorImpl.java:64)\r\n\tat java.base/jdk.internal.reflect.DelegatingConstructorAccessorImpl.newInstance(DelegatingConstructorAccessorImpl.java:45)\r\n\tat java.base/java.lang.reflect.Constructor.newInstanceWithCaller(Constructor.java:500)\r\n\tat java.base/java.lang.reflect.Constructor.newInstance(Constructor.java:481)\r\n\tat org.openqa.selenium.remote.codec.w3c.W3CHttpResponseCodec.createException(W3CHttpResponseCodec.java:200)\r\n\tat org.openqa.selenium.remote.codec.w3c.W3CHttpResponseCodec.decode(W3CHttpResponseCodec.java:133)\r\n\tat org.openqa.selenium.remote.codec.w3c.W3CHttpResponseCodec.decode(W3CHttpResponseCodec.java:53)\r\n\tat org.openqa.selenium.remote.HttpCommandExecutor.execute(HttpCommandExecutor.java:184)\r\n\tat org.openqa.selenium.remote.service.DriverCommandExecutor.invokeExecute(DriverCommandExecutor.java:167)\r\n\tat org.openqa.selenium.remote.service.DriverCommandExecutor.execute(DriverCommandExecutor.java:142)\r\n\tat org.openqa.selenium.remote.RemoteWebDriver.execute(RemoteWebDriver.java:543)\r\n\tat org.openqa.selenium.remote.ElementLocation$ElementFinder$2.findElement(ElementLocation.java:162)\r\n\tat org.openqa.selenium.remote.ElementLocation.findElement(ElementLocation.java:60)\r\n\tat org.openqa.selenium.remote.RemoteWebDriver.findElement(RemoteWebDriver.java:352)\r\n\tat org.openqa.selenium.remote.RemoteWebDriver.findElement(RemoteWebDriver.java:344)\r\n\tat org.openqa.selenium.support.pagefactory.DefaultElementLocator.findElement(DefaultElementLocator.java:70)\r\n\tat org.openqa.selenium.support.pagefactory.internal.LocatingElementHandler.invoke(LocatingElementHandler.java:39)\r\n\tat com.sun.proxy.$Proxy23.isDisplayed(Unknown Source)\r\n\tat locator.Demo.Demo.failedForm(Demo.java:106)\r\n\tat step_definitions.Demo.DemoRequestFormSteps.failedSendForm(DemoRequestFormSteps.java:131)\r\n\tat ✽.Failed send form(classpath:features//2_Demo/2_NegativeCaseDemo.feature:11)\r\n","duration":46207600,"status":"failed"},"line":11,"name":"Failed send form","match":{"location":"step_definitions.Demo.DemoRequestFormSteps.failedSendForm()"},"keyword":"And "}],"tags":[{"name":"@Demo"},{"name":"@DemoNegativeCase"}]},{"start_timestamp":"2023-11-11T15:55:23.667Z","before":[{"result":{"duration":5519561200,"status":"passed"},"match":{"location":"step_definitions.Hooks.openBrowser()"}}],"line":15,"name":"User submits demo request form with invalid parameter","description":"","id":"demo-request-form;user-submits-demo-request-form-with-invalid-parameter;;3","after":[{"result":{"duration":3765227900,"status":"passed"},"match":{"location":"step_definitions.Hooks.closeBrowser()"}}],"type":"scenario","keyword":"Scenario Outline","steps":[{"result":{"duration":4322665900,"status":"passed"},"line":6,"name":"User click button demo","match":{"location":"step_definitions.Demo.DemoRequestFormSteps.userClickDemo()"},"keyword":"Given "},{"result":{"duration":83703100,"status":"passed"},"line":7,"name":"User already on demo page","match":{"location":"step_definitions.Demo.DemoRequestFormSteps.userVrfyDemoPage()"},"keyword":"And "},{"result":{"duration":3462088500,"status":"passed"},"line":8,"name":"User input \"sulit\" as First Name and \"321\" as Last Name and \"bro\" as Company and \"jajal@yahoo.com\" as Email","match":{"arguments":[{"val":"\"sulit\"","offset":11},{"val":"\"321\"","offset":37},{"val":"\"bro\"","offset":60},{"val":"\"jajal@yahoo.com\"","offset":81}],"location":"step_definitions.Demo.DemoRequestFormSteps.userInputAsEmailAsPasswordAndAsRole(java.lang.String,java.lang.String,java.lang.String,java.lang.String)"},"keyword":"When "},{"result":{"duration":3169693600,"status":"passed"},"line":9,"name":"User input number for captcha","match":{"location":"step_definitions.Demo.DemoRequestFormSteps.clickCaptcha()"},"keyword":"And "},{"result":{"duration":3104185400,"status":"passed"},"line":10,"name":"Click submit button","match":{"location":"step_definitions.Demo.DemoRequestFormSteps.clickSubmitButton()"},"keyword":"And "},{"result":{"error_message":"org.openqa.selenium.NoSuchElementException: no such element: Unable to locate element: {\"method\":\"xpath\",\"selector\":\"//div[@class='error-message']\"}\n  (Session info: chrome=119.0.6045.124)\nFor documentation on this error, please visit: https://selenium.dev/exceptions/#no_such_element\nBuild info: version: '4.8.0', revision: '267030adea'\nSystem info: os.name: 'Windows 10', os.arch: 'amd64', os.version: '10.0', java.version: '15.0.10'\nDriver info: org.openqa.selenium.chrome.ChromeDriver\nCommand: [51fc1432488a1b6dade8e414dc92ddfc, findElement {using=xpath, value=//div[@class='error-message']}]\nCapabilities {acceptInsecureCerts: false, browserName: chrome, browserVersion: 119.0.6045.124, chrome: {chromedriverVersion: 119.0.6045.105 (38c72552c5e..., userDataDir: C:\\Users\\User\\AppData\\Local...}, fedcm:accounts: true, goog:chromeOptions: {debuggerAddress: localhost:53728}, networkConnectionEnabled: false, pageLoadStrategy: normal, platformName: WINDOWS, proxy: Proxy(), se:cdp: ws://localhost:53728/devtoo..., se:cdpVersion: 119.0.6045.124, setWindowRect: true, strictFileInteractability: false, timeouts: {implicit: 0, pageLoad: 300000, script: 30000}, unhandledPromptBehavior: dismiss and notify, webauthn:extension:credBlob: true, webauthn:extension:largeBlob: true, webauthn:extension:minPinLength: true, webauthn:extension:prf: true, webauthn:virtualAuthenticators: true}\nSession ID: 51fc1432488a1b6dade8e414dc92ddfc\r\n\tat java.base/jdk.internal.reflect.NativeConstructorAccessorImpl.newInstance0(Native Method)\r\n\tat java.base/jdk.internal.reflect.NativeConstructorAccessorImpl.newInstance(NativeConstructorAccessorImpl.java:64)\r\n\tat java.base/jdk.internal.reflect.DelegatingConstructorAccessorImpl.newInstance(DelegatingConstructorAccessorImpl.java:45)\r\n\tat java.base/java.lang.reflect.Constructor.newInstanceWithCaller(Constructor.java:500)\r\n\tat java.base/java.lang.reflect.Constructor.newInstance(Constructor.java:481)\r\n\tat org.openqa.selenium.remote.codec.w3c.W3CHttpResponseCodec.createException(W3CHttpResponseCodec.java:200)\r\n\tat org.openqa.selenium.remote.codec.w3c.W3CHttpResponseCodec.decode(W3CHttpResponseCodec.java:133)\r\n\tat org.openqa.selenium.remote.codec.w3c.W3CHttpResponseCodec.decode(W3CHttpResponseCodec.java:53)\r\n\tat org.openqa.selenium.remote.HttpCommandExecutor.execute(HttpCommandExecutor.java:184)\r\n\tat org.openqa.selenium.remote.service.DriverCommandExecutor.invokeExecute(DriverCommandExecutor.java:167)\r\n\tat org.openqa.selenium.remote.service.DriverCommandExecutor.execute(DriverCommandExecutor.java:142)\r\n\tat org.openqa.selenium.remote.RemoteWebDriver.execute(RemoteWebDriver.java:543)\r\n\tat org.openqa.selenium.remote.ElementLocation$ElementFinder$2.findElement(ElementLocation.java:162)\r\n\tat org.openqa.selenium.remote.ElementLocation.findElement(ElementLocation.java:60)\r\n\tat org.openqa.selenium.remote.RemoteWebDriver.findElement(RemoteWebDriver.java:352)\r\n\tat org.openqa.selenium.remote.RemoteWebDriver.findElement(RemoteWebDriver.java:344)\r\n\tat org.openqa.selenium.support.pagefactory.DefaultElementLocator.findElement(DefaultElementLocator.java:70)\r\n\tat org.openqa.selenium.support.pagefactory.internal.LocatingElementHandler.invoke(LocatingElementHandler.java:39)\r\n\tat com.sun.proxy.$Proxy23.isDisplayed(Unknown Source)\r\n\tat locator.Demo.Demo.failedForm(Demo.java:106)\r\n\tat step_definitions.Demo.DemoRequestFormSteps.failedSendForm(DemoRequestFormSteps.java:131)\r\n\tat ✽.Failed send form(classpath:features//2_Demo/2_NegativeCaseDemo.feature:11)\r\n","duration":21469200,"status":"failed"},"line":11,"name":"Failed send form","match":{"location":"step_definitions.Demo.DemoRequestFormSteps.failedSendForm()"},"keyword":"And "}],"tags":[{"name":"@Demo"},{"name":"@DemoNegativeCase"}]},{"start_timestamp":"2023-11-11T15:55:47.153Z","before":[{"result":{"duration":5296825900,"status":"passed"},"match":{"location":"step_definitions.Hooks.openBrowser()"}}],"line":16,"name":"User submits demo request form with invalid parameter","description":"","id":"demo-request-form;user-submits-demo-request-form-with-invalid-parameter;;4","after":[{"result":{"duration":3820014900,"status":"passed"},"match":{"location":"step_definitions.Hooks.closeBrowser()"}}],"type":"scenario","keyword":"Scenario Outline","steps":[{"result":{"duration":3922065900,"status":"passed"},"line":6,"name":"User click button demo","match":{"location":"step_definitions.Demo.DemoRequestFormSteps.userClickDemo()"},"keyword":"Given "},{"result":{"duration":76763600,"status":"passed"},"line":7,"name":"User already on demo page","match":{"location":"step_definitions.Demo.DemoRequestFormSteps.userVrfyDemoPage()"},"keyword":"And "},{"result":{"duration":3436027800,"status":"passed"},"line":8,"name":"User input \"sulit\" as First Name and \"banget\" as Last Name and \"chaks\" as Company and \"jajal\" as Email","match":{"arguments":[{"val":"\"sulit\"","offset":11},{"val":"\"banget\"","offset":37},{"val":"\"chaks\"","offset":63},{"val":"\"jajal\"","offset":86}],"location":"step_definitions.Demo.DemoRequestFormSteps.userInputAsEmailAsPasswordAndAsRole(java.lang.String,java.lang.String,java.lang.String,java.lang.String)"},"keyword":"When "},{"result":{"duration":3161004900,"status":"passed"},"line":9,"name":"User input number for captcha","match":{"location":"step_definitions.Demo.DemoRequestFormSteps.clickCaptcha()"},"keyword":"And "},{"result":{"duration":3122555900,"status":"passed"},"line":10,"name":"Click submit button","match":{"location":"step_definitions.Demo.DemoRequestFormSteps.clickSubmitButton()"},"keyword":"And "},{"result":{"error_message":"org.openqa.selenium.NoSuchElementException: no such element: Unable to locate element: {\"method\":\"xpath\",\"selector\":\"//div[@class='error-message']\"}\n  (Session info: chrome=119.0.6045.124)\nFor documentation on this error, please visit: https://selenium.dev/exceptions/#no_such_element\nBuild info: version: '4.8.0', revision: '267030adea'\nSystem info: os.name: 'Windows 10', os.arch: 'amd64', os.version: '10.0', java.version: '15.0.10'\nDriver info: org.openqa.selenium.chrome.ChromeDriver\nCommand: [4faf28091ae624fb8f94c21f08db34b6, findElement {using=xpath, value=//div[@class='error-message']}]\nCapabilities {acceptInsecureCerts: false, browserName: chrome, browserVersion: 119.0.6045.124, chrome: {chromedriverVersion: 119.0.6045.105 (38c72552c5e..., userDataDir: C:\\Users\\User\\AppData\\Local...}, fedcm:accounts: true, goog:chromeOptions: {debuggerAddress: localhost:53777}, networkConnectionEnabled: false, pageLoadStrategy: normal, platformName: WINDOWS, proxy: Proxy(), se:cdp: ws://localhost:53777/devtoo..., se:cdpVersion: 119.0.6045.124, setWindowRect: true, strictFileInteractability: false, timeouts: {implicit: 0, pageLoad: 300000, script: 30000}, unhandledPromptBehavior: dismiss and notify, webauthn:extension:credBlob: true, webauthn:extension:largeBlob: true, webauthn:extension:minPinLength: true, webauthn:extension:prf: true, webauthn:virtualAuthenticators: true}\nSession ID: 4faf28091ae624fb8f94c21f08db34b6\r\n\tat java.base/jdk.internal.reflect.NativeConstructorAccessorImpl.newInstance0(Native Method)\r\n\tat java.base/jdk.internal.reflect.NativeConstructorAccessorImpl.newInstance(NativeConstructorAccessorImpl.java:64)\r\n\tat java.base/jdk.internal.reflect.DelegatingConstructorAccessorImpl.newInstance(DelegatingConstructorAccessorImpl.java:45)\r\n\tat java.base/java.lang.reflect.Constructor.newInstanceWithCaller(Constructor.java:500)\r\n\tat java.base/java.lang.reflect.Constructor.newInstance(Constructor.java:481)\r\n\tat org.openqa.selenium.remote.codec.w3c.W3CHttpResponseCodec.createException(W3CHttpResponseCodec.java:200)\r\n\tat org.openqa.selenium.remote.codec.w3c.W3CHttpResponseCodec.decode(W3CHttpResponseCodec.java:133)\r\n\tat org.openqa.selenium.remote.codec.w3c.W3CHttpResponseCodec.decode(W3CHttpResponseCodec.java:53)\r\n\tat org.openqa.selenium.remote.HttpCommandExecutor.execute(HttpCommandExecutor.java:184)\r\n\tat org.openqa.selenium.remote.service.DriverCommandExecutor.invokeExecute(DriverCommandExecutor.java:167)\r\n\tat org.openqa.selenium.remote.service.DriverCommandExecutor.execute(DriverCommandExecutor.java:142)\r\n\tat org.openqa.selenium.remote.RemoteWebDriver.execute(RemoteWebDriver.java:543)\r\n\tat org.openqa.selenium.remote.ElementLocation$ElementFinder$2.findElement(ElementLocation.java:162)\r\n\tat org.openqa.selenium.remote.ElementLocation.findElement(ElementLocation.java:60)\r\n\tat org.openqa.selenium.remote.RemoteWebDriver.findElement(RemoteWebDriver.java:352)\r\n\tat org.openqa.selenium.remote.RemoteWebDriver.findElement(RemoteWebDriver.java:344)\r\n\tat org.openqa.selenium.support.pagefactory.DefaultElementLocator.findElement(DefaultElementLocator.java:70)\r\n\tat org.openqa.selenium.support.pagefactory.internal.LocatingElementHandler.invoke(LocatingElementHandler.java:39)\r\n\tat com.sun.proxy.$Proxy23.isDisplayed(Unknown Source)\r\n\tat locator.Demo.Demo.failedForm(Demo.java:106)\r\n\tat step_definitions.Demo.DemoRequestFormSteps.failedSendForm(DemoRequestFormSteps.java:131)\r\n\tat ✽.Failed send form(classpath:features//2_Demo/2_NegativeCaseDemo.feature:11)\r\n","duration":32740300,"status":"failed"},"line":11,"name":"Failed send form","match":{"location":"step_definitions.Demo.DemoRequestFormSteps.failedSendForm()"},"keyword":"And "}],"tags":[{"name":"@Demo"},{"name":"@DemoNegativeCase"}]},{"start_timestamp":"2023-11-11T15:56:10.057Z","before":[{"result":{"duration":5276300700,"status":"passed"},"match":{"location":"step_definitions.Hooks.openBrowser()"}}],"line":17,"name":"User submits demo request form with invalid parameter","description":"","id":"demo-request-form;user-submits-demo-request-form-with-invalid-parameter;;5","after":[{"result":{"duration":3757196900,"status":"passed"},"match":{"location":"step_definitions.Hooks.closeBrowser()"}}],"type":"scenario","keyword":"Scenario Outline","steps":[{"result":{"duration":4247708700,"status":"passed"},"line":6,"name":"User click button demo","match":{"location":"step_definitions.Demo.DemoRequestFormSteps.userClickDemo()"},"keyword":"Given "},{"result":{"duration":84073500,"status":"passed"},"line":7,"name":"User already on demo page","match":{"location":"step_definitions.Demo.DemoRequestFormSteps.userVrfyDemoPage()"},"keyword":"And "},{"result":{"duration":3454073000,"status":"passed"},"line":8,"name":"User input \"sulit\" as First Name and \"banget\" as Last Name and \"\" as Company and \"jajal@yahoo.com\" as Email","match":{"arguments":[{"val":"\"sulit\"","offset":11},{"val":"\"banget\"","offset":37},{"val":"\"\"","offset":63},{"val":"\"jajal@yahoo.com\"","offset":81}],"location":"step_definitions.Demo.DemoRequestFormSteps.userInputAsEmailAsPasswordAndAsRole(java.lang.String,java.lang.String,java.lang.String,java.lang.String)"},"keyword":"When "},{"result":{"duration":3167061500,"status":"passed"},"line":9,"name":"User input number for captcha","match":{"location":"step_definitions.Demo.DemoRequestFormSteps.clickCaptcha()"},"keyword":"And "},{"result":{"duration":3083214700,"status":"passed"},"line":10,"name":"Click submit button","match":{"location":"step_definitions.Demo.DemoRequestFormSteps.clickSubmitButton()"},"keyword":"And "},{"result":{"error_message":"org.openqa.selenium.UnhandledAlertException: unexpected alert open: {Alert text : Please type your business name}\n  (Session info: chrome=119.0.6045.124): Please type your business name\nBuild info: version: '4.8.0', revision: '267030adea'\nSystem info: os.name: 'Windows 10', os.arch: 'amd64', os.version: '10.0', java.version: '15.0.10'\nDriver info: org.openqa.selenium.chrome.ChromeDriver\nCommand: [073acdd91b4876e8b8bd56b817e7acc4, findElement {using=xpath, value=//div[@class='error-message']}]\nCapabilities {acceptInsecureCerts: false, browserName: chrome, browserVersion: 119.0.6045.124, chrome: {chromedriverVersion: 119.0.6045.105 (38c72552c5e..., userDataDir: C:\\Users\\User\\AppData\\Local...}, fedcm:accounts: true, goog:chromeOptions: {debuggerAddress: localhost:53820}, networkConnectionEnabled: false, pageLoadStrategy: normal, platformName: WINDOWS, proxy: Proxy(), se:cdp: ws://localhost:53820/devtoo..., se:cdpVersion: 119.0.6045.124, setWindowRect: true, strictFileInteractability: false, timeouts: {implicit: 0, pageLoad: 300000, script: 30000}, unhandledPromptBehavior: dismiss and notify, webauthn:extension:credBlob: true, webauthn:extension:largeBlob: true, webauthn:extension:minPinLength: true, webauthn:extension:prf: true, webauthn:virtualAuthenticators: true}\nSession ID: 073acdd91b4876e8b8bd56b817e7acc4\r\n\tat org.openqa.selenium.remote.codec.w3c.W3CHttpResponseCodec.decode(W3CHttpResponseCodec.java:131)\r\n\tat org.openqa.selenium.remote.codec.w3c.W3CHttpResponseCodec.decode(W3CHttpResponseCodec.java:53)\r\n\tat org.openqa.selenium.remote.HttpCommandExecutor.execute(HttpCommandExecutor.java:184)\r\n\tat org.openqa.selenium.remote.service.DriverCommandExecutor.invokeExecute(DriverCommandExecutor.java:167)\r\n\tat org.openqa.selenium.remote.service.DriverCommandExecutor.execute(DriverCommandExecutor.java:142)\r\n\tat org.openqa.selenium.remote.RemoteWebDriver.execute(RemoteWebDriver.java:543)\r\n\tat org.openqa.selenium.remote.ElementLocation$ElementFinder$2.findElement(ElementLocation.java:162)\r\n\tat org.openqa.selenium.remote.ElementLocation.findElement(ElementLocation.java:60)\r\n\tat org.openqa.selenium.remote.RemoteWebDriver.findElement(RemoteWebDriver.java:352)\r\n\tat org.openqa.selenium.remote.RemoteWebDriver.findElement(RemoteWebDriver.java:344)\r\n\tat org.openqa.selenium.support.pagefactory.DefaultElementLocator.findElement(DefaultElementLocator.java:70)\r\n\tat org.openqa.selenium.support.pagefactory.internal.LocatingElementHandler.invoke(LocatingElementHandler.java:39)\r\n\tat com.sun.proxy.$Proxy23.isDisplayed(Unknown Source)\r\n\tat locator.Demo.Demo.failedForm(Demo.java:106)\r\n\tat step_definitions.Demo.DemoRequestFormSteps.failedSendForm(DemoRequestFormSteps.java:131)\r\n\tat ✽.Failed send form(classpath:features//2_Demo/2_NegativeCaseDemo.feature:11)\r\n","duration":19953100,"status":"failed"},"line":11,"name":"Failed send form","match":{"location":"step_definitions.Demo.DemoRequestFormSteps.failedSendForm()"},"keyword":"And "}],"tags":[{"name":"@Demo"},{"name":"@DemoNegativeCase"}]}],"name":"Demo Request Form","description":"","id":"demo-request-form","keyword":"Feature","uri":"classpath:features//2_Demo/2_NegativeCaseDemo.feature","tags":[{"name":"@Demo","type":"Tag","location":{"line":1,"column":1}}]}]